<?xml version="1.0" encoding="UTF-8"?>
<coverage generated="1598266220232" clover="3.2.0">
  <project timestamp="1598266220232" name="All files">
    <metrics statements="4" coveredstatements="1" conditionals="2" coveredconditionals="0" methods="1" coveredmethods="0" elements="7" coveredelements="1" complexity="0" loc="4" ncloc="4" packages="2" files="2" classes="2"/>
    <package name="containers.user">
      <metrics statements="3" coveredstatements="0" conditionals="2" coveredconditionals="0" methods="1" coveredmethods="0"/>
      <file name="User.js" path="/opt/wdts/reactproject/react-redux-middleware/src/containers/user/User.js">
        <metrics statements="3" coveredstatements="0" conditionals="2" coveredconditionals="0" methods="1" coveredmethods="0"/>
        <line num="9" count="0" type="stmt"/>
        <line num="10" count="0" type="cond" truecount="0" falsecount="2"/>
        <line num="14" count="0" type="stmt"/>
      </file>
    </package>
    <package name="mocks">
      <metrics statements="1" coveredstatements="1" conditionals="0" coveredconditionals="0" methods="0" coveredmethods="0"/>
      <file name="getUsersMock.js" path="/opt/wdts/reactproject/react-redux-middleware/src/mocks/getUsersMock.js">
        <metrics statements="1" coveredstatements="1" conditionals="0" coveredconditionals="0" methods="0" coveredmethods="0"/>
        <line num="1" count="1" type="stmt"/>
      </file>
    </package>
  </project>
</coverage>
