{"/opt/wdts/reactproject/react-redux-middleware/src/containers/user/User.js": {"path":"/opt/wdts/reactproject/react-redux-middleware/src/containers/user/User.js","statementMap":{"0":{"start":{"line":9,"column":14},"end":{"line":17,"column":1}},"1":{"start":{"line":10,"column":21},"end":{"line":13,"column":47}},"2":{"start":{"line":14,"column":4},"end":{"line":14,"column":20}}},"fnMap":{"0":{"name":"(anonymous_0)","decl":{"start":{"line":9,"column":14},"end":{"line":9,"column":15}},"loc":{"start":{"line":9,"column":36},"end":{"line":17,"column":1}},"line":9}},"branchMap":{"0":{"loc":{"start":{"line":10,"column":21},"end":{"line":13,"column":47}},"type":"cond-expr","locations":[{"start":{"line":10,"column":33},"end":{"line":13,"column":10}},{"start":{"line":13,"column":14},"end":{"line":13,"column":47}}],"line":10}},"s":{"0":0,"1":0,"2":0},"f":{"0":0},"b":{"0":[0,0]},"hash":"c604f675c2d9bf46a49850e8b5d42ab073d6d5f9"}
,"/opt/wdts/reactproject/react-redux-middleware/src/mocks/getUsersMock.js": {"path":"/opt/wdts/reactproject/react-redux-middleware/src/mocks/getUsersMock.js","statementMap":{"0":{"start":{"line":1,"column":28},"end":{"line":23,"column":1}}},"fnMap":{},"branchMap":{},"s":{"0":1},"f":{},"b":{},"_coverageSchema":"43e27e138ebf9cfc5966b082cf9a028302ed4184","hash":"7277eab6ce703a1bf1a2a78831acb76bbcec123a"}
}
